{
  "RSpec": {
    "coverage": {
      "/Users/sophie/MakersProjects/week4/thursday/bookmark-manager-2/spec/bookmark_class_spec.rb": {
        "lines": [
          1,
          null,
          1,
          null,
          1,
          1,
          null,
          1,
          1,
          1,
          null,
          1,
          null,
          1,
          1,
          1,
          1,
          null,
          null,
          null,
          1,
          1,
          1,
          1,
          null,
          null,
          null
        ]
      },
      "/Users/sophie/MakersProjects/week4/thursday/bookmark-manager-2/spec/features/add_spec.rb": {
        "lines": [
          1,
          1,
          1,
          1,
          1,
          1,
          null,
          null
        ]
      },
      "/Users/sophie/MakersProjects/week4/thursday/bookmark-manager-2/spec/features/bookmarks_spec.rb": {
        "lines": [
          1,
          null,
          1,
          1,
          1,
          null,
          1,
          1,
          1,
          null,
          1,
          null,
          1,
          1,
          1,
          null,
          null
        ]
      },
      "/Users/sophie/MakersProjects/week4/thursday/bookmark-manager-2/spec/features/index_spec.rb": {
        "lines": [
          1,
          null,
          1,
          1,
          1,
          1,
          null,
          null,
          null
        ]
      }
    },
    "timestamp": 1591278595
  }
}
